d:\obfu_alcatraz\obfuguard\obfuguard\x64\debug\vc143.pdb
d:\obfu_alcatraz\obfuguard\obfuguard\x64\debug\vc143.idb
d:\obfu_alcatraz\obfuguard\obfuguard\x64\debug\junkcode.obj
d:\obfu_alcatraz\obfuguard\obfuguard\x64\debug\pe.obj
d:\obfu_alcatraz\obfuguard\obfuguard\x64\debug\pdbparser.obj
d:\obfu_alcatraz\obfuguard\obfuguard\x64\debug\obfuscator.obj
d:\obfu_alcatraz\obfuguard\obfuguard\x64\debug\main.obj
d:\obfu_alcatraz\obfuguard\obfuguard\x64\debug\func2rva.obj
d:\obfu_alcatraz\obfuguard\obfuguard\x64\debug\cfflattener.obj
d:\obfu_alcatraz\obfuguard\x64\debug\obfuguard-con.exe
d:\obfu_alcatraz\obfuguard\x64\debug\obfuguard-con.pdb
d:\obfu_alcatraz\obfuguard\x64\debug\asmjit.dll
d:\obfu_alcatraz\obfuguard\x64\debug\capstone.dll
d:\obfu_alcatraz\obfuguard\x64\debug\keystone.dll
d:\obfu_alcatraz\obfuguard\x64\debug\lief.dll
d:\obfu_alcatraz\obfuguard\x64\debug\spdlogd.dll
d:\obfu_alcatraz\obfuguard\x64\debug\fmtd.dll
d:\obfu_alcatraz\obfuguard\x64\debug\zydis.dll
d:\obfu_alcatraz\obfuguard\obfuguard\x64\debug\obfuguard-con.ilk
d:\obfu_alcatraz\obfuguard\obfuguard\x64\debug\obfuguard-con.tlog\cl.command.1.tlog
d:\obfu_alcatraz\obfuguard\obfuguard\x64\debug\obfuguard-con.tlog\cl.items.tlog
d:\obfu_alcatraz\obfuguard\obfuguard\x64\debug\obfuguard-con.tlog\cl.read.1.tlog
d:\obfu_alcatraz\obfuguard\obfuguard\x64\debug\obfuguard-con.tlog\cl.write.1.tlog
d:\obfu_alcatraz\obfuguard\obfuguard\x64\debug\obfuguard-con.tlog\link.command.1.tlog
d:\obfu_alcatraz\obfuguard\obfuguard\x64\debug\obfuguard-con.tlog\link.read.1.tlog
d:\obfu_alcatraz\obfuguard\obfuguard\x64\debug\obfuguard-con.tlog\link.secondary.1.tlog
d:\obfu_alcatraz\obfuguard\obfuguard\x64\debug\obfuguard-con.tlog\link.write.1.tlog
d:\obfu_alcatraz\obfuguard\obfuguard\x64\debug\obfuguard-con.tlog\obfuguard-con.write.1u.tlog
