e:\obfuguard\obfuguard\x64\release\vc143.pdb
e:\obfuguard\obfuguard\x64\release\junkcode.obj
e:\obfuguard\obfuguard\x64\release\pe.obj
e:\obfuguard\obfuguard\x64\release\pdbparser.obj
e:\obfuguard\obfuguard\x64\release\obfuscator.obj
e:\obfuguard\obfuguard\x64\release\main.obj
e:\obfuguard\obfuguard\x64\release\func2rva.obj
e:\obfuguard\obfuguard\x64\release\cfflattener.obj
e:\obfuguard\x64\release\obfuguard-con.exe
e:\obfuguard\x64\release\obfuguard-con.pdb
e:\obfuguard\x64\release\asmjit.dll
e:\obfuguard\x64\release\capstone.dll
e:\obfuguard\x64\release\keystone.dll
e:\obfuguard\x64\release\lief.dll
e:\obfuguard\x64\release\spdlog.dll
e:\obfuguard\x64\release\fmt.dll
e:\obfuguard\x64\release\zydis.dll
e:\obfuguard\obfuguard\x64\release\obfuguard-con.ipdb
e:\obfuguard\obfuguard\x64\release\obfuguard-con.iobj
e:\graduation-thesis-hust\obfuguard\x64\release\cfflattener.obj
e:\graduation-thesis-hust\obfuguard\x64\release\func2rva.obj
e:\graduation-thesis-hust\obfuguard\x64\release\junkcode.obj
e:\graduation-thesis-hust\obfuguard\x64\release\main.obj
e:\graduation-thesis-hust\obfuguard\x64\release\obfuscatecff.obj
e:\graduation-thesis-hust\obfuguard\x64\release\obfuscator.obj
e:\graduation-thesis-hust\obfuguard\x64\release\pdbparser.obj
e:\graduation-thesis-hust\obfuguard\x64\release\pe.obj
e:\graduation-thesis-hust\obfuguard\x64\release\obfuguard-con.ipdb
e:\graduation-thesis-hust\obfuguard\x64\release\obfuguard-con.iobj
e:\graduation-thesis-hust\obfuguard\x64\release\vc143.pdb
e:\graduation-thesis-hust\x64\release\obfuguard-con.pdb
e:\graduation-thesis-hust\x64\release\obfuguard-con.exe
e:\graduation-thesis-hust\obfuguard\x64\release\obfuguard-con.tlog\cl.command.1.tlog
e:\graduation-thesis-hust\obfuguard\x64\release\obfuguard-con.tlog\cl.items.tlog
e:\graduation-thesis-hust\obfuguard\x64\release\obfuguard-con.tlog\cl.read.1.tlog
e:\graduation-thesis-hust\obfuguard\x64\release\obfuguard-con.tlog\cl.write.1.tlog
e:\graduation-thesis-hust\obfuguard\x64\release\obfuguard-con.tlog\link.command.1.tlog
e:\graduation-thesis-hust\obfuguard\x64\release\obfuguard-con.tlog\link.read.1.tlog
e:\graduation-thesis-hust\obfuguard\x64\release\obfuguard-con.tlog\link.secondary.1.tlog
e:\graduation-thesis-hust\obfuguard\x64\release\obfuguard-con.tlog\link.write.1.tlog
e:\graduation-thesis-hust\obfuguard\x64\release\obfuguard-con.tlog\obfuguard-con.write.1u.tlog
