e:\graduation-thesis-hust\obfuguard\x64\release\vc143.pdb
e:\graduation-thesis-hust\obfuguard\x64\release\junkcode.obj
e:\graduation-thesis-hust\obfuguard\x64\release\pe.obj
e:\graduation-thesis-hust\obfuguard\x64\release\pdbparser.obj
e:\graduation-thesis-hust\obfuguard\x64\release\obfuscatecff.obj
e:\graduation-thesis-hust\obfuguard\x64\release\main.obj
e:\graduation-thesis-hust\obfuguard\x64\release\func2rva.obj
e:\graduation-thesis-hust\obfuguard\x64\release\cfflattening.obj
e:\graduation-thesis-hust\x64\release\obfuguard.exe
e:\graduation-thesis-hust\x64\release\obfuguard.pdb
e:\graduation-thesis-hust\x64\release\asmjit.dll
e:\graduation-thesis-hust\x64\release\capstone.dll
e:\graduation-thesis-hust\x64\release\keystone.dll
e:\graduation-thesis-hust\x64\release\lief.dll
e:\graduation-thesis-hust\x64\release\spdlog.dll
e:\graduation-thesis-hust\x64\release\fmt.dll
e:\graduation-thesis-hust\x64\release\zydis.dll
e:\graduation-thesis-hust\obfuguard\x64\release\obfuguard.ipdb
e:\graduation-thesis-hust\obfuguard\x64\release\obfuguard.iobj
e:\graduation-thesis-hust\obfuguard\x64\release\obfuguard.tlog\cl.command.1.tlog
e:\graduation-thesis-hust\obfuguard\x64\release\obfuguard.tlog\cl.items.tlog
e:\graduation-thesis-hust\obfuguard\x64\release\obfuguard.tlog\cl.read.1.tlog
e:\graduation-thesis-hust\obfuguard\x64\release\obfuguard.tlog\cl.write.1.tlog
e:\graduation-thesis-hust\obfuguard\x64\release\obfuguard.tlog\link.command.1.tlog
e:\graduation-thesis-hust\obfuguard\x64\release\obfuguard.tlog\link.read.1.tlog
e:\graduation-thesis-hust\obfuguard\x64\release\obfuguard.tlog\link.secondary.1.tlog
e:\graduation-thesis-hust\obfuguard\x64\release\obfuguard.tlog\link.write.1.tlog
e:\graduation-thesis-hust\obfuguard\x64\release\obfuguard.tlog\obfuguard.write.1u.tlog
